
V12.1 LAD search: 14 pools | 3 taus | 3 axes -> 126 candidates
[  1/126] v10_baseline_tau0.5_ch08                          OOF_rec=0.4149  bias%=-1.46  folds=[-1.4,-0.5,-2.0]  stable=‚úď  gap=+0.0328
[  2/126] v10_baseline_tau0.5_chABC05_brand03               OOF_rec=0.4222  bias%=-2.77  folds=[-3.1,-1.8,-3.2]  stable=‚úď  gap=+0.0350
[  3/126] v10_baseline_tau0.5_ch08_chABC_brand              OOF_rec=0.4130  bias%=-0.79  folds=[-0.8,+0.2,-1.4]  stable=‚úó  gap=+0.0356
[  4/126] v10_baseline_tau0.52_ch08                         OOF_rec=0.4150  bias%=-1.45  folds=[-1.4,-0.5,-2.0]  stable=‚úď  gap=+0.0329
[  5/126] v10_baseline_tau0.52_chABC05_brand03              OOF_rec=0.4222  bias%=-2.77  folds=[-3.1,-1.8,-3.2]  stable=‚úď  gap=+0.0350
[ 15/126] v10+v11_recent_only_tau0.52_ch08_chABC_brand      OOF_rec=0.4131  bias%=-0.92  folds=[-1.2,+0.3,-1.5]  stable=‚úó  gap=+0.0364
[ 30/126] v10+v11_g90_tau0.5_ch08_chABC_brand               OOF_rec=0.4139  bias%=-0.93  folds=[-1.4,+0.6,-1.7]  stable=‚úó  gap=+0.0378
[ 45/126] v10+v11_chronos_tau0.55_ch08_chABC_brand          OOF_rec=0.4130  bias%=-0.78  folds=[-0.8,+0.2,-1.3]  stable=‚úó  gap=+0.0351
[ 60/126] v10+v12_intermittent_tau0.52_ch08_chABC_brand     OOF_rec=0.4130  bias%=-0.77  folds=[-0.8,+0.2,-1.3]  stable=‚úó  gap=+0.0355
[ 75/126] v10+v11g93+v12ext_tau0.5_ch08_chABC_brand         OOF_rec=0.4115  bias%=-0.42  folds=[-1.7,+1.2,-0.9]  stable=‚úó  gap=+0.0385
[ 90/126] v10+v11ro+v12ext_tau0.55_ch08_chABC_brand         OOF_rec=0.4111  bias%=-0.35  folds=[-1.8,+1.2,-0.7]  stable=‚úó  gap=+0.0381
[105/126] v10+all_v12_tau0.52_ch08_chABC_brand              OOF_rec=0.4106  bias%=-0.46  folds=[-1.7,+1.0,-0.8]  stable=‚úó  gap=+0.0373
[120/126] v10+all_v11+v12ext_tau0.5_ch08_chABC_brand        OOF_rec=0.4121  bias%=-0.59  folds=[-1.8,+1.1,-1.1]  stable=‚úó  gap=+0.0391
[126/126] v10+all_v11+v12ext_tau0.55_ch08_chABC_brand       OOF_rec=0.4123  bias%=-0.60  folds=[-2.0,+1.1,-1.1]  stable=‚úó  gap=+0.0394

=== Champion selection (bias-direction-symmetry filter) ===
  bias‚Č§1.0%: tier2 survivors=0/39  champion=v10+all_v12_tau0.52_ch08_chABC_brand                     OOF_rec=0.4106
  bias‚Č§1.5%: tier1 survivors=9/69  champion=v10_baseline_tau0.5_ch08                                 OOF_rec=0.4149
  bias‚Č§2.0%: tier1 survivors=24/84  champion=v10+v12_multiseed_tau0.52_ch08                           OOF_rec=0.4136
  bias‚Č§2.5%: tier1 survivors=33/93  champion=v10+v12_multiseed_tau0.52_ch08                           OOF_rec=0.4136
  bias‚Č§3.0%: tier1 survivors=63/123  champion=v10+v12_multiseed_tau0.52_ch08                           OOF_rec=0.4136

*** V12.1 LAD CHAMPION (tier 2) ***
    name: v10+all_v12_tau0.52_ch08_chABC_brand
    OOF_recency = 0.4106
    OOF bias%   = -0.46
    fold biases = [-1.661, 0.973, -0.836]
    stable      = False
    gap         = +0.0373

=== V12.1 LAD raw scores ===
VAL : SIMSCORE=0.3503  WAPE=0.3317  bias%=-0.59
TEST: SIMSCORE=0.4568  WAPE=0.3969  bias%=+3.86
