[skip] v12_anomaly predictions not present

V12 LAD search: 11 pools | 3 taus | 3 axes -> 99 candidates total
[  1/99] v10_baseline_tau0.5_ch08                                 OOF=0.3899  rec=0.4149  bias%=-1.46  gap=+0.0328
[  2/99] v10_baseline_tau0.5_chABC05_brand03                      OOF=0.3983  rec=0.4222  bias%=-2.77  gap=+0.0350
[  3/99] v10_baseline_tau0.5_ch08_chABC_brand                     OOF=0.3881  rec=0.4130  bias%=-0.79  gap=+0.0356
[  4/99] v10_baseline_tau0.52_ch08                                OOF=0.3899  rec=0.4150  bias%=-1.45  gap=+0.0329
[  5/99] v10_baseline_tau0.52_chABC05_brand03                     OOF=0.3982  rec=0.4222  bias%=-2.77  gap=+0.0350
[  6/99] v10_baseline_tau0.52_ch08_chABC_brand                    OOF=0.3881  rec=0.4130  bias%=-0.78  gap=+0.0356
[  7/99] v10_baseline_tau0.55_ch08                                OOF=0.3900  rec=0.4150  bias%=-1.45  gap=+0.0329
[  8/99] v10_baseline_tau0.55_chABC05_brand03                     OOF=0.3984  rec=0.4223  bias%=-2.76  gap=+0.0351
[  9/99] v10_baseline_tau0.55_ch08_chABC_brand                    OOF=0.3880  rec=0.4130  bias%=-0.78  gap=+0.0352
[ 10/99] v10+v11_recent_only_tau0.5_ch08                          OOF=0.3903  rec=0.4150  bias%=-1.60  gap=+0.0339
[ 11/99] v10+v11_recent_only_tau0.5_chABC05_brand03               OOF=0.3987  rec=0.4224  bias%=-2.94  gap=+0.0359
[ 12/99] v10+v11_recent_only_tau0.5_ch08_chABC_brand              OOF=0.3884  rec=0.4131  bias%=-0.92  gap=+0.0364
[ 13/99] v10+v11_recent_only_tau0.52_ch08                         OOF=0.3903  rec=0.4150  bias%=-1.60  gap=+0.0340
[ 14/99] v10+v11_recent_only_tau0.52_chABC05_brand03              OOF=0.3988  rec=0.4224  bias%=-2.94  gap=+0.0360
[ 15/99] v10+v11_recent_only_tau0.52_ch08_chABC_brand             OOF=0.3885  rec=0.4131  bias%=-0.92  gap=+0.0364
[ 16/99] v10+v11_recent_only_tau0.55_ch08                         OOF=0.3906  rec=0.4151  bias%=-1.61  gap=+0.0343
[ 17/99] v10+v11_recent_only_tau0.55_chABC05_brand03              OOF=0.3990  rec=0.4225  bias%=-2.94  gap=+0.0362
[ 18/99] v10+v11_recent_only_tau0.55_ch08_chABC_brand             OOF=0.3887  rec=0.4132  bias%=-0.93  gap=+0.0365
[ 19/99] v10+v11_g93_tau0.5_ch08                                  OOF=0.3906  rec=0.4153  bias%=-1.53  gap=+0.0338
[ 20/99] v10+v11_g93_tau0.5_chABC05_brand03                       OOF=0.3991  rec=0.4227  bias%=-2.86  gap=+0.0361
[ 21/99] v10+v11_g93_tau0.5_ch08_chABC_brand                      OOF=0.3896  rec=0.4143  bias%=-0.86  gap=+0.0374
[ 22/99] v10+v11_g93_tau0.52_ch08                                 OOF=0.3906  rec=0.4154  bias%=-1.53  gap=+0.0338
[ 23/99] v10+v11_g93_tau0.52_chABC05_brand03                      OOF=0.3991  rec=0.4227  bias%=-2.86  gap=+0.0361
[ 24/99] v10+v11_g93_tau0.52_ch08_chABC_brand                     OOF=0.3896  rec=0.4143  bias%=-0.86  gap=+0.0374
[ 25/99] v10+v11_g93_tau0.55_ch08                                 OOF=0.3908  rec=0.4155  bias%=-1.54  gap=+0.0340
[ 30/99] v10+v11_g90_tau0.5_ch08_chABC_brand                      OOF=0.3897  rec=0.4139  bias%=-0.93  gap=+0.0378
[ 40/99] v10+v11_chronos_tau0.52_ch08                             OOF=0.3899  rec=0.4150  bias%=-1.45  gap=+0.0327
[ 50/99] v10+v12_multiseed_tau0.52_chABC05_brand03                OOF=0.3975  rec=0.4212  bias%=-2.94  gap=+0.0353
[ 60/99] v10+v12_intermittent_tau0.52_ch08_chABC_brand            OOF=0.3881  rec=0.4130  bias%=-0.77  gap=+0.0355
[ 70/99] v10+all_optional_tau0.55_ch08                            OOF=0.3915  rec=0.4152  bias%=-1.76  gap=+0.0360
[ 80/99] v10+all_v11_tau0.55_chABC05_brand03                      OOF=0.4002  rec=0.4230  bias%=-3.09  gap=+0.0378
[ 90/99] v10+all_v12_tau0.55_ch08_chABC_brand                     OOF=0.3876  rec=0.4121  bias%=-0.87  gap=+0.0361
[ 99/99] v10+v11g93+v12best_tau0.55_ch08_chABC_brand              OOF=0.3903  rec=0.4141  bias%=-1.00  gap=+0.0389

=== Top-15 by OOF_recency (PRE-bias-filter) ===
                                         name  OOF_recency  OOF_mean  OOF_bias_recency_pct  in_sample    gap
         v10+all_v12_tau0.55_ch08_chABC_brand       0.4121    0.3876                -0.874     0.3515 0.0361
   v10+v12_multiseed_tau0.55_ch08_chABC_brand       0.4121    0.3876                -0.884     0.3514 0.0362
         v10+all_v12_tau0.52_ch08_chABC_brand       0.4121    0.3875                -0.872     0.3514 0.0361
   v10+v12_multiseed_tau0.52_ch08_chABC_brand       0.4121    0.3875                -0.882     0.3513 0.0362
          v10+all_v12_tau0.5_ch08_chABC_brand       0.4121    0.3875                -0.877     0.3514 0.0361
    v10+v12_multiseed_tau0.5_ch08_chABC_brand       0.4122    0.3875                -0.886     0.3513 0.0362
v10+v12_intermittent_tau0.55_ch08_chABC_brand       0.4129    0.3880                -0.766     0.3529 0.0351
     v10+v11_chronos_tau0.55_ch08_chABC_brand       0.4130    0.3880                -0.781     0.3529 0.0351
 v10+v12_intermittent_tau0.5_ch08_chABC_brand       0.4130    0.3881                -0.773     0.3525 0.0356
         v10_baseline_tau0.5_ch08_chABC_brand       0.4130    0.3881                -0.785     0.3525 0.0356
     v10+v11_chronos_tau0.52_ch08_chABC_brand       0.4130    0.3881                -0.780     0.3526 0.0355
        v10_baseline_tau0.52_ch08_chABC_brand       0.4130    0.3881                -0.780     0.3525 0.0356
        v10_baseline_tau0.55_ch08_chABC_brand       0.4130    0.3880                -0.781     0.3528 0.0352
      v10+v11_chronos_tau0.5_ch08_chABC_brand       0.4130    0.3881                -0.785     0.3525 0.0356
v10+v12_intermittent_tau0.52_ch08_chABC_brand       0.4130    0.3881                -0.767     0.3526 0.0355

=== Bias ladder summary ===
 bias_ceiling_pct  n_survivors                             champion  champion_OOF_recency  champion_bias_pct  champion_gap
              1.0           26 v10+all_v12_tau0.52_ch08_chABC_brand                0.4121             -0.872        0.0361
              1.5           42 v10+all_v12_tau0.52_ch08_chABC_brand                0.4121             -0.872        0.0361
              2.0           66 v10+all_v12_tau0.52_ch08_chABC_brand                0.4121             -0.872        0.0361
              2.5           66 v10+all_v12_tau0.52_ch08_chABC_brand                0.4121             -0.872        0.0361

*** V12 LAD CHAMPION (bias ceiling=1.0): v10+all_v12_tau0.52_ch08_chABC_brand ***
    OOF_recency=0.4121  OOF=0.3875  bias%=-0.87  gap=+0.0361

=== V12 LAD raw scores ===
VAL : SIMSCORE=0.3514  WAPE=0.3321  bias%=-0.59
TEST: SIMSCORE=0.4607  WAPE=0.3983  bias%=+4.48

=== V12_final (LAD + streaming bias) scores ===
VAL : SIMSCORE=0.3541  WAPE=0.3354  bias%=+0.26
TEST: SIMSCORE=0.4670  WAPE=0.4026  bias%=+4.78

Wrote /Users/m.kozyrev/Desktop/business-process-modeling-demo/output/v12/lad_champion.json
