INFO V12 external base bagging: seeds=[42, 137, 271, 314, 1729], workers=2, abt=abt_v12_external_recent_only.parquet
INFO ABT: 162526 rows, 207 features (source=abt_v12_external_recent_only.parquet)
INFO ABT: 162526 rows, 207 features (source=abt_v12_external_recent_only.parquet)
INFO filter_active: 76986 → 47178 rows (61.3%), 2621 active pairs
INFO filter_active: 76986 → 47178 rows (61.3%), 2621 active pairs
INFO Split: train=47178 val=31452 test=20968
INFO V12 multi-seed: LightGBM seed=137 propagated to clf+reg
INFO Split: train=47178 val=31452 test=20968
INFO V12 multi-seed: LightGBM seed=42 propagated to clf+reg
INFO Stage 1 (classifier): 141 rounds in 22.6s
INFO Stage 1 (classifier): 193 rounds in 25.3s
INFO Stage 2 (regressor): 536 rounds in 50.3s
INFO V7 base fitted in 73.0s
INFO val split: corrector set=18347 rows (7 periods) | meta set=13105 rows (5 periods)
INFO Stage 2 (regressor): 502 rounds in 48.2s
INFO V7 base fitted in 73.5s
INFO val split: corrector set=18347 rows (7 periods) | meta set=13105 rows (5 periods)
INFO residual corrector: trained on 10 segments (of 15 candidates)
INFO residual corrector: trained on 10 segments (of 15 candidates)
INFO stacker weights: {'v4': 0.042, 'v5': 0.275, 'v6': 0.219, 'v7': 0.505}
INFO stacker weights: {'v4': 0.056, 'v5': 0.295, 'v6': 0.211, 'v7': 0.478}
INFO conformal: 11 segment-specific intervals + 1 global fallback
INFO   V7_base      val  WAPE=0.3994 MAPE_nz=0.5093 RMSE=4.666 Bias=-0.660
INFO   V7_base      test WAPE=0.4270 MAPE_nz=0.5556 RMSE=5.658 Bias=-0.895
INFO   V7_cal       val  WAPE=0.3998 MAPE_nz=0.4999 RMSE=4.659 Bias=-0.591
INFO   V7_cal       test WAPE=0.4226 MAPE_nz=0.5425 RMSE=5.609 Bias=-0.816
INFO   V7           val  WAPE=0.3372 MAPE_nz=0.4398 RMSE=4.014 Bias=-0.340
INFO   V7           test WAPE=0.4166 MAPE_nz=0.5760 RMSE=5.178 Bias=-0.476
INFO   V7_stacked   val  WAPE=0.3712 MAPE_nz=0.4877 RMSE=3.756 Bias=+0.011
INFO   V7_stacked   test WAPE=0.4111 MAPE_nz=0.5613 RMSE=4.478 Bias=-0.059
INFO conformal: 11 segment-specific intervals + 1 global fallback
INFO   V7_base      val  WAPE=0.4034 MAPE_nz=0.5092 RMSE=4.758 Bias=-0.656
INFO   V7_base      test WAPE=0.4351 MAPE_nz=0.5571 RMSE=5.833 Bias=-0.921
INFO   V7_cal       val  WAPE=0.4038 MAPE_nz=0.4997 RMSE=4.753 Bias=-0.605
INFO   V7_cal       test WAPE=0.4316 MAPE_nz=0.5436 RMSE=5.791 Bias=-0.861
INFO   V7           val  WAPE=0.3377 MAPE_nz=0.4400 RMSE=4.040 Bias=-0.331
INFO   V7           test WAPE=0.4213 MAPE_nz=0.5801 RMSE=5.275 Bias=-0.467
INFO   V7_stacked   val  WAPE=0.3741 MAPE_nz=0.4906 RMSE=3.764 Bias=+0.023
INFO   V7_stacked   test WAPE=0.4135 MAPE_nz=0.5620 RMSE=4.477 Bias=-0.047
INFO Total time: 91.0s
INFO >>> seed=137 done in 91.0s
INFO ABT: 162526 rows, 207 features (source=abt_v12_external_recent_only.parquet)
INFO filter_active: 76986 → 47178 rows (61.3%), 2621 active pairs
INFO Total time: 91.6s
INFO >>> seed=42 done in 91.6s
INFO Split: train=47178 val=31452 test=20968
INFO V12 multi-seed: LightGBM seed=271 propagated to clf+reg
INFO ABT: 162526 rows, 207 features (source=abt_v12_external_recent_only.parquet)
INFO filter_active: 76986 → 47178 rows (61.3%), 2621 active pairs
INFO Split: train=47178 val=31452 test=20968
INFO V12 multi-seed: LightGBM seed=314 propagated to clf+reg
INFO Stage 1 (classifier): 137 rounds in 10.9s
INFO Stage 1 (classifier): 175 rounds in 12.6s
INFO Stage 2 (regressor): 276 rounds in 28.9s
INFO V7 base fitted in 41.5s
INFO val split: corrector set=18347 rows (7 periods) | meta set=13105 rows (5 periods)
INFO residual corrector: trained on 10 segments (of 15 candidates)
INFO stacker weights: {'v4': 0.023, 'v5': 0.339, 'v6': 0.234, 'v7': 0.453}
INFO conformal: 11 segment-specific intervals + 1 global fallback
INFO   V7_base      val  WAPE=0.4037 MAPE_nz=0.5103 RMSE=4.745 Bias=-0.672
INFO   V7_base      test WAPE=0.4300 MAPE_nz=0.5587 RMSE=5.677 Bias=-0.916
INFO   V7_cal       val  WAPE=0.4039 MAPE_nz=0.4999 RMSE=4.740 Bias=-0.617
INFO   V7_cal       test WAPE=0.4264 MAPE_nz=0.5459 RMSE=5.640 Bias=-0.855
INFO   V7           val  WAPE=0.3392 MAPE_nz=0.4405 RMSE=4.063 Bias=-0.349
INFO   V7           test WAPE=0.4206 MAPE_nz=0.5785 RMSE=5.249 Bias=-0.536
INFO   V7_stacked   val  WAPE=0.3770 MAPE_nz=0.4973 RMSE=3.776 Bias=+0.039
INFO   V7_stacked   test WAPE=0.4147 MAPE_nz=0.5654 RMSE=4.454 Bias=-0.046
INFO Total time: 53.3s
INFO >>> seed=271 done in 53.3s
INFO ABT: 162526 rows, 207 features (source=abt_v12_external_recent_only.parquet)
INFO filter_active: 76986 → 47178 rows (61.3%), 2621 active pairs
INFO Split: train=47178 val=31452 test=20968
INFO V12 multi-seed: LightGBM seed=1729 propagated to clf+reg
INFO Stage 2 (regressor): 605 rounds in 55.8s
INFO V7 base fitted in 66.7s
INFO val split: corrector set=18347 rows (7 periods) | meta set=13105 rows (5 periods)
INFO Stage 1 (classifier): 235 rounds in 15.0s
INFO residual corrector: trained on 10 segments (of 15 candidates)
INFO stacker weights: {'v4': 0.051, 'v5': 0.347, 'v6': 0.196, 'v7': 0.453}
INFO conformal: 11 segment-specific intervals + 1 global fallback
INFO   V7_base      val  WAPE=0.3977 MAPE_nz=0.5117 RMSE=4.562 Bias=-0.619
INFO   V7_base      test WAPE=0.4257 MAPE_nz=0.5636 RMSE=5.553 Bias=-0.854
INFO   V7_cal       val  WAPE=0.3980 MAPE_nz=0.5023 RMSE=4.554 Bias=-0.545
INFO   V7_cal       test WAPE=0.4221 MAPE_nz=0.5531 RMSE=5.497 Bias=-0.776
INFO   V7           val  WAPE=0.3366 MAPE_nz=0.4439 RMSE=3.979 Bias=-0.327
INFO   V7           test WAPE=0.4204 MAPE_nz=0.5850 RMSE=5.162 Bias=-0.473
INFO   V7_stacked   val  WAPE=0.3766 MAPE_nz=0.4939 RMSE=3.761 Bias=+0.040
INFO   V7_stacked   test WAPE=0.4162 MAPE_nz=0.5630 RMSE=4.450 Bias=-0.034
INFO Total time: 80.8s
INFO >>> seed=314 done in 80.8s
INFO Stage 2 (regressor): 544 rounds in 41.0s
INFO V7 base fitted in 56.0s
INFO val split: corrector set=18347 rows (7 periods) | meta set=13105 rows (5 periods)
INFO residual corrector: trained on 10 segments (of 15 candidates)
INFO stacker weights: {'v4': 0.022, 'v5': 0.377, 'v6': 0.276, 'v7': 0.373}
INFO conformal: 11 segment-specific intervals + 1 global fallback
INFO   V7_base      val  WAPE=0.3998 MAPE_nz=0.5116 RMSE=4.612 Bias=-0.594
INFO   V7_base      test WAPE=0.4299 MAPE_nz=0.5592 RMSE=5.670 Bias=-0.815
INFO   V7_cal       val  WAPE=0.4002 MAPE_nz=0.4986 RMSE=4.610 Bias=-0.559
INFO   V7_cal       test WAPE=0.4268 MAPE_nz=0.5422 RMSE=5.643 Bias=-0.771
INFO   V7           val  WAPE=0.3375 MAPE_nz=0.4380 RMSE=4.002 Bias=-0.347
INFO   V7           test WAPE=0.4251 MAPE_nz=0.5779 RMSE=5.299 Bias=-0.487
INFO   V7_stacked   val  WAPE=0.3843 MAPE_nz=0.5054 RMSE=3.801 Bias=+0.064
INFO   V7_stacked   test WAPE=0.4199 MAPE_nz=0.5680 RMSE=4.456 Bias=+0.013
INFO Total time: 65.8s
INFO >>> seed=1729 done in 65.8s
Training until validation scores don't improve for 60 rounds
[200]	valid_0's binary_logloss: 0.291297
Early stopping, best iteration is:
[141]	valid_0's binary_logloss: 0.290715
Training until validation scores don't improve for 60 rounds
[200]	valid_0's quantile: 1.21242
[400]	valid_0's quantile: 1.20743
Early stopping, best iteration is:
[536]	valid_0's quantile: 1.20624
Training until validation scores don't improve for 60 rounds
[200]	valid_0's binary_logloss: 0.291237
Early stopping, best iteration is:
[175]	valid_0's binary_logloss: 0.290864
Training until validation scores don't improve for 60 rounds
[200]	valid_0's quantile: 1.22133
Early stopping, best iteration is:
[276]	valid_0's quantile: 1.21857
Training until validation scores don't improve for 60 rounds
[200]	valid_0's binary_logloss: 0.291551
Early stopping, best iteration is:
[235]	valid_0's binary_logloss: 0.29101
Training until validation scores don't improve for 60 rounds
[200]	valid_0's quantile: 1.21812
[400]	valid_0's quantile: 1.2103
[600]	valid_0's quantile: 1.20961
Early stopping, best iteration is:
[544]	valid_0's quantile: 1.20938
Training until validation scores don't improve for 60 rounds
[200]	valid_0's binary_logloss: 0.290341
Early stopping, best iteration is:
[193]	valid_0's binary_logloss: 0.289903
Training until validation scores don't improve for 60 rounds
[200]	valid_0's quantile: 1.22333
[400]	valid_0's quantile: 1.21855
Early stopping, best iteration is:
[502]	valid_0's quantile: 1.21815
Training until validation scores don't improve for 60 rounds
Early stopping, best iteration is:
[137]	valid_0's binary_logloss: 0.290327
Training until validation scores don't improve for 60 rounds
[200]	valid_0's quantile: 1.21212
[400]	valid_0's quantile: 1.20568
[600]	valid_0's quantile: 1.20377
Early stopping, best iteration is:
[605]	valid_0's quantile: 1.20377
INFO V12_external val: {'n_rows': 31452, 'WAPE': 0.334, 'MAE': 1.5779, 'RMSE': 3.9813, 'Bias_units': -0.3388, 'Agg_Bias_pct': -7.171, 'SMAPE_nz': 0.4235, 'Monthly_WAPE': 0.062, 'SIMSCORE': 0.4009}
INFO V12_external test: {'n_rows': 20968, 'WAPE': 0.415, 'MAE': 1.9302, 'RMSE': 5.1939, 'Bias_units': -0.4879, 'Agg_Bias_pct': -10.49, 'SMAPE_nz': 0.5649, 'Monthly_WAPE': 0.161, 'SIMSCORE': 0.5479}
INFO wrote /Users/m.kozyrev/Desktop/business-process-modeling-demo/output/v12_external_summary.json
INFO Total wall-time: 223.9 s
